Using pre-set license
Built from '2021.3/staging' branch; Version is '2021.3.22f1 (b6c551784ba3) revision 11978065'; Using compiler version '192829333'; Build Type 'Release'
OS: 'Windows 10  (10.0.19045) 64bit Professional' Language: 'en' Physical Memory: 12087 MB
BatchMode: 1, IsHumanControllingUs: 0, StartBugReporterOnCrash: 0, Is64bit: 1, IsPro: 1

COMMAND LINE ARGUMENTS:
C:\Program Files\Unity\Hub\Editor\2021.3.22f1\Editor\Unity.exe
-adb2
-batchMode
-noUpm
-name
AssetImportWorker1
-projectPath
C:/Users/NICK BWALLEY/GameProgrammingProjects/Intro
-logFile
Logs/AssetImportWorker1.log
-srvPort
51106
Successfully changed project path to: C:/Users/NICK BWALLEY/GameProgrammingProjects/Intro
C:/Users/NICK BWALLEY/GameProgrammingProjects/Intro
[UnityMemory] Configuration Parameters - Can be set up in boot.config
    "memorysetup-bucket-allocator-granularity=16"
    "memorysetup-bucket-allocator-bucket-count=8"
    "memorysetup-bucket-allocator-block-size=33554432"
    "memorysetup-bucket-allocator-block-count=8"
    "memorysetup-main-allocator-block-size=16777216"
    "memorysetup-thread-allocator-block-size=16777216"
    "memorysetup-gfx-main-allocator-block-size=16777216"
    "memorysetup-gfx-thread-allocator-block-size=16777216"
    "memorysetup-cache-allocator-block-size=4194304"
    "memorysetup-typetree-allocator-block-size=2097152"
    "memorysetup-profiler-bucket-allocator-granularity=16"
    "memorysetup-profiler-bucket-allocator-bucket-count=8"
    "memorysetup-profiler-bucket-allocator-block-size=33554432"
    "memorysetup-profiler-bucket-allocator-block-count=8"
    "memorysetup-profiler-allocator-block-size=16777216"
    "memorysetup-profiler-editor-allocator-block-size=1048576"
    "memorysetup-temp-allocator-size-main=16777216"
    "memorysetup-job-temp-allocator-block-size=2097152"
    "memorysetup-job-temp-allocator-block-size-background=1048576"
    "memorysetup-job-temp-allocator-reduction-small-platforms=262144"
    "memorysetup-temp-allocator-size-background-worker=32768"
    "memorysetup-temp-allocator-size-job-worker=262144"
    "memorysetup-temp-allocator-size-preload-manager=33554432"
    "memorysetup-temp-allocator-size-nav-mesh-worker=65536"
    "memorysetup-temp-allocator-size-audio-worker=65536"
    "memorysetup-temp-allocator-size-cloud-worker=32768"
    "memorysetup-temp-allocator-size-gi-baking-worker=262144"
    "memorysetup-temp-allocator-size-gfx=262144"
Player connection [61668] Host "[IP] 192.168.56.1 [Port] 0 [Flags] 2 [Guid] 3796992201 [EditorId] 3796992201 [Version] 1048832 [Id] WindowsEditor(7,DESKTOP-DCGS1IT) [Debug] 1 [PackageName] WindowsEditor [ProjectName] Editor" joined multi-casting on [225.0.0.222:54997]...

Player connection [61668] Host "[IP] 192.168.56.1 [Port] 0 [Flags] 2 [Guid] 3796992201 [EditorId] 3796992201 [Version] 1048832 [Id] WindowsEditor(7,DESKTOP-DCGS1IT) [Debug] 1 [PackageName] WindowsEditor [ProjectName] Editor" joined alternative multi-casting on [225.0.0.222:34997]...

Refreshing native plugins compatible for Editor in 144.64 ms, found 3 plugins.
Preloading 0 native plugins for Editor in 0.00 ms.
Initialize engine version: 2021.3.22f1 (b6c551784ba3)
[Subsystems] Discovering subsystems at path C:/Program Files/Unity/Hub/Editor/2021.3.22f1/Editor/Data/Resources/UnitySubsystems
[Subsystems] Discovering subsystems at path C:/Users/NICK BWALLEY/GameProgrammingProjects/Intro/Assets
GfxDevice: creating device client; threaded=0; jobified=0
Direct3D:
    Version:  Direct3D 11.0 [level 11.1]
    Renderer: Intel(R) Iris(R) Xe Graphics (ID=0x9a49)
    Vendor:   Intel
    VRAM:     6043 MB
    Driver:   30.0.101.1692
Initialize mono
Mono path[0] = 'C:/Program Files/Unity/Hub/Editor/2021.3.22f1/Editor/Data/Managed'
Mono path[1] = 'C:/Program Files/Unity/Hub/Editor/2021.3.22f1/Editor/Data/MonoBleedingEdge/lib/mono/unityjit-win32'
Mono config path = 'C:/Program Files/Unity/Hub/Editor/2021.3.22f1/Editor/Data/MonoBleedingEdge/etc'
Using monoOptions --debugger-agent=transport=dt_socket,embedding=1,server=y,suspend=n,address=127.0.0.1:56632
Begin MonoManager ReloadAssembly
Registering precompiled unity dll's ...
Register platform support module: C:/Program Files/Unity/Hub/Editor/2021.3.22f1/Editor/Data/PlaybackEngines/WebGLSupport/UnityEditor.WebGL.Extensions.dll
Register platform support module: C:/Program Files/Unity/Hub/Editor/2021.3.22f1/Editor/Data/PlaybackEngines/WindowsStandaloneSupport/UnityEditor.WindowsStandalone.Extensions.dll
Registered in 0.008022 seconds.
Native extension for WindowsStandalone target not found
Native extension for WebGL target not found
Refreshing native plugins compatible for Editor in 166.54 ms, found 3 plugins.
Preloading 0 native plugins for Editor in 0.00 ms.
Mono: successfully reloaded assembly
- Completed reload, in  1.287 seconds
Domain Reload Profiling:
	ReloadAssembly (1289ms)
		BeginReloadAssembly (212ms)
			ExecutionOrderSort (0ms)
			DisableScriptedObjects (0ms)
			BackupInstance (0ms)
			ReleaseScriptingObjects (0ms)
			CreateAndSetChildDomain (1ms)
		EndReloadAssembly (858ms)
			LoadAssemblies (210ms)
			RebuildTransferFunctionScriptingTraits (0ms)
			SetupTypeCache (212ms)
			ReleaseScriptCaches (0ms)
			RebuildScriptCaches (75ms)
			SetupLoadedEditorAssemblies (468ms)
				LogAssemblyErrors (0ms)
				InitializePlatformSupportModulesInManaged (20ms)
				SetLoadedEditorAssemblies (0ms)
				RefreshPlugins (167ms)
				BeforeProcessingInitializeOnLoad (1ms)
				ProcessInitializeOnLoadAttributes (214ms)
				ProcessInitializeOnLoadMethodAttributes (65ms)
				AfterProcessingInitializeOnLoad (0ms)
				EditorAssembliesLoaded (0ms)
			ExecutionOrderSort2 (0ms)
			AwakeInstancesAfterBackupRestoration (0ms)
Platform modules already initialized, skipping
Registering precompiled user dll's ...
Registered in 0.010814 seconds.
Begin MonoManager ReloadAssembly
Symbol file LoadedFromMemory doesn't match image C:\Users\NICK BWALLEY\GameProgrammingProjects\Intro\Library\PackageCache\com.unity.visualscripting@1.8.0\Editor\VisualScripting.Core\Dependencies\YamlDotNet\Unity.VisualScripting.YamlDotNet.dll
Symbol file LoadedFromMemory doesn't match image C:\Users\NICK BWALLEY\GameProgrammingProjects\Intro\Library\PackageCache\com.unity.visualscripting@1.8.0\Editor\VisualScripting.Core\Dependencies\DotNetZip\Unity.VisualScripting.IonicZip.dll
Native extension for WindowsStandalone target not found
Native extension for WebGL target not found
Refreshing native plugins compatible for Editor in 0.80 ms, found 3 plugins.
Preloading 0 native plugins for Editor in 0.00 ms.
Mono: successfully reloaded assembly
- Completed reload, in  1.960 seconds
Domain Reload Profiling:
	ReloadAssembly (1962ms)
		BeginReloadAssembly (284ms)
			ExecutionOrderSort (0ms)
			DisableScriptedObjects (8ms)
			BackupInstance (0ms)
			ReleaseScriptingObjects (0ms)
			CreateAndSetChildDomain (31ms)
		EndReloadAssembly (1434ms)
			LoadAssemblies (246ms)
			RebuildTransferFunctionScriptingTraits (0ms)
			SetupTypeCache (542ms)
			ReleaseScriptCaches (1ms)
			RebuildScriptCaches (76ms)
			SetupLoadedEditorAssemblies (611ms)
				LogAssemblyErrors (0ms)
				InitializePlatformSupportModulesInManaged (11ms)
				SetLoadedEditorAssemblies (1ms)
				RefreshPlugins (1ms)
				BeforeProcessingInitializeOnLoad (135ms)
				ProcessInitializeOnLoadAttributes (423ms)
				ProcessInitializeOnLoadMethodAttributes (27ms)
				AfterProcessingInitializeOnLoad (13ms)
				EditorAssembliesLoaded (0ms)
			ExecutionOrderSort2 (0ms)
			AwakeInstancesAfterBackupRestoration (9ms)
Platform modules already initialized, skipping
========================================================================
Worker process is ready to serve import requests
Launched and connected shader compiler UnityShaderCompiler.exe after 0.07 seconds
Refreshing native plugins compatible for Editor in 0.80 ms, found 3 plugins.
Preloading 0 native plugins for Editor in 0.00 ms.
Unloading 3050 Unused Serialized files (Serialized files now loaded: 0)
Unloading 24 unused Assets / (113.4 KB). Loaded Objects now: 3510.
Memory consumption went from 107.6 MB to 107.5 MB.
Total: 2.752500 ms (FindLiveObjects: 0.243000 ms CreateObjectMapping: 0.107500 ms MarkObjects: 2.290500 ms  DeleteObjects: 0.110400 ms)

AssetImportParameters requested are different than current active one (requested -> active):
  custom:video-decoder-ogg-theora: a1e56fd34408186e4bbccfd4996cb3dc -> 
  custom:container-muxer-webm: aa71ff27fc2769a1b78a27578f13a17b -> 
  custom:container-demuxer-webm: 4f35f7cbe854078d1ac9338744f61a02 -> 
  custom:video-encoder-webm-vp8: eb34c28f22e8b96e1ab97ce403110664 -> 
  custom:audio-encoder-webm-vorbis: bf7c407c2cedff20999df2af8eb42d56 -> 
  custom:framework-win-MediaFoundation: 216162199b28c13a410421893ffa2e32 -> 
  custom:container-demuxer-ogg: 62fdf1f143b41e24485cea50d1cbac27 -> 
  custom:video-decoder-webm-vp8: 9c59270c3fd7afecdb556c50c9e8de78 -> 
  custom:audio-decoder-ogg-vorbis: bf7c407c2cedff20999df2af8eb42d56 -> 
========================================================================
Received Import Request.
  Time since last request: 254390.637543 seconds.
  path: Assets/Simple city plain/Mesh/Materials/Roof_02.mat
  artifactKey: Guid(e349fe1cf225c40409a389fa3051f9d6) Importer(815301076,1909f56bfc062723c751e8b465ee728b)
Start importing Assets/Simple city plain/Mesh/Materials/Roof_02.mat using Guid(e349fe1cf225c40409a389fa3051f9d6) Importer(815301076,1909f56bfc062723c751e8b465ee728b)  -> (artifact id: 'f103bcf0fb1afaf9da0e2a41054c21ef') in 0.187001 seconds 
========================================================================
Received Import Request.
  Time since last request: 0.000030 seconds.
  path: Assets/Simple city plain/Mesh/Pot_tree.fbx
  artifactKey: Guid(495aba848fd785f43bf771270ddea3dc) Importer(815301076,1909f56bfc062723c751e8b465ee728b)
Start importing Assets/Simple city plain/Mesh/Pot_tree.fbx using Guid(495aba848fd785f43bf771270ddea3dc) Importer(815301076,1909f56bfc062723c751e8b465ee728b)  -> (artifact id: 'cd9d933affdb73ca80f48c62fe158309') in 0.121371 seconds 
========================================================================
Received Import Request.
  Time since last request: 0.000073 seconds.
  path: Assets/Simple city plain/Mesh/Materials/Roof.001.mat
  artifactKey: Guid(9c8b8130070d30c458a4103c51ff79f1) Importer(815301076,1909f56bfc062723c751e8b465ee728b)
Start importing Assets/Simple city plain/Mesh/Materials/Roof.001.mat using Guid(9c8b8130070d30c458a4103c51ff79f1) Importer(815301076,1909f56bfc062723c751e8b465ee728b)  -> (artifact id: 'a8bb13f39769afc5ad4e5bdfbc2d0f88') in 0.012750 seconds 
========================================================================
Received Import Request.
  Time since last request: 0.000045 seconds.
  path: Assets/Simple city plain/Mesh/Materials/Facade.mat
  artifactKey: Guid(5b75cee95667f774091e3a6489f566bc) Importer(815301076,1909f56bfc062723c751e8b465ee728b)
Start importing Assets/Simple city plain/Mesh/Materials/Facade.mat using Guid(5b75cee95667f774091e3a6489f566bc) Importer(815301076,1909f56bfc062723c751e8b465ee728b)  -> (artifact id: 'd8e2d237b74c671cf330bb109e7a80ad') in 0.013757 seconds 
========================================================================
Received Import Request.
  Time since last request: 0.000031 seconds.
  path: Assets/Simple city plain/Mesh/Materials/SideWalk.005.mat
  artifactKey: Guid(6c90b3ac10c36b14aa114af6b4d7db77) Importer(815301076,1909f56bfc062723c751e8b465ee728b)
Start importing Assets/Simple city plain/Mesh/Materials/SideWalk.005.mat using Guid(6c90b3ac10c36b14aa114af6b4d7db77) Importer(815301076,1909f56bfc062723c751e8b465ee728b)  -> (artifact id: '0332871fee8fde2c2e26264d8a3a99db') in 0.012048 seconds 
========================================================================
Received Import Request.
  Time since last request: 0.000042 seconds.
  path: Assets/Simple city plain/Mesh/Materials/Pot.mat
  artifactKey: Guid(33f771fc66a223b4e8f689974018e6d8) Importer(815301076,1909f56bfc062723c751e8b465ee728b)
Start importing Assets/Simple city plain/Mesh/Materials/Pot.mat using Guid(33f771fc66a223b4e8f689974018e6d8) Importer(815301076,1909f56bfc062723c751e8b465ee728b)  -> (artifact id: '115a4ec209f8764ec0d8f99c1bc4550a') in 0.010301 seconds 
========================================================================
Received Import Request.
  Time since last request: 0.000026 seconds.
  path: Assets/Simple city plain/Mesh/Big_trash_bin.fbx
  artifactKey: Guid(221422f7266ae3249b686bbfb5989c70) Importer(815301076,1909f56bfc062723c751e8b465ee728b)
Start importing Assets/Simple city plain/Mesh/Big_trash_bin.fbx using Guid(221422f7266ae3249b686bbfb5989c70) Importer(815301076,1909f56bfc062723c751e8b465ee728b)  -> (artifact id: '63f87fb43f0c9a3c5c278bc8acabc38d') in 0.055893 seconds 
========================================================================
Received Import Request.
  Time since last request: 0.000022 seconds.
  path: Assets/Simple city plain/Mesh/Materials/light.mat
  artifactKey: Guid(310f06f50fb8cd041b2de28ddfde623f) Importer(815301076,1909f56bfc062723c751e8b465ee728b)
Start importing Assets/Simple city plain/Mesh/Materials/light.mat using Guid(310f06f50fb8cd041b2de28ddfde623f) Importer(815301076,1909f56bfc062723c751e8b465ee728b)  -> (artifact id: 'e023fbb395dd1809b42c27b7d3a82325') in 0.023118 seconds 
========================================================================
Received Import Request.
  Time since last request: 0.000046 seconds.
  path: Assets/Simple city plain/Mesh/Materials
  artifactKey: Guid(821656b61cca84e4d9896d91a442d82c) Importer(815301076,1909f56bfc062723c751e8b465ee728b)
Start importing Assets/Simple city plain/Mesh/Materials using Guid(821656b61cca84e4d9896d91a442d82c) Importer(815301076,1909f56bfc062723c751e8b465ee728b)  -> (artifact id: '3cb4d7a99333bc1e70097e932c75c320') in 0.001713 seconds 
========================================================================
Received Import Request.
  Time since last request: 0.000043 seconds.
  path: Assets/Simple city plain/Mesh/Materials/railing.mat
  artifactKey: Guid(8cb444e194f9de645a7f05a5f11c99b9) Importer(815301076,1909f56bfc062723c751e8b465ee728b)
Start importing Assets/Simple city plain/Mesh/Materials/railing.mat using Guid(8cb444e194f9de645a7f05a5f11c99b9) Importer(815301076,1909f56bfc062723c751e8b465ee728b)  -> (artifact id: '296484654cbcdd14f6070b0137740e61') in 0.011060 seconds 
========================================================================
Received Import Request.
  Time since last request: 0.000048 seconds.
  path: Assets/Simple city plain/Mesh/ColaMachine.fbx
  artifactKey: Guid(2831f92b409a46f45a21bbde0b1f5107) Importer(815301076,1909f56bfc062723c751e8b465ee728b)
Start importing Assets/Simple city plain/Mesh/ColaMachine.fbx using Guid(2831f92b409a46f45a21bbde0b1f5107) Importer(815301076,1909f56bfc062723c751e8b465ee728b)  -> (artifact id: 'eb13792fa060e2692005ec6c80dc13da') in 0.026874 seconds 
========================================================================
Received Import Request.
  Time since last request: 0.000032 seconds.
  path: Assets/Simple city plain/Mesh/Materials/Roof_03.mat
  artifactKey: Guid(25d929f8f223bdf4097adf645c91bc55) Importer(815301076,1909f56bfc062723c751e8b465ee728b)
Start importing Assets/Simple city plain/Mesh/Materials/Roof_03.mat using Guid(25d929f8f223bdf4097adf645c91bc55) Importer(815301076,1909f56bfc062723c751e8b465ee728b)  -> (artifact id: 'c8daf06ace55e10d6a858d52a4531731') in 0.010390 seconds 
========================================================================
Received Import Request.
  Time since last request: 0.000038 seconds.
  path: Assets/Simple city plain/Mesh/Materials/Door_01.mat
  artifactKey: Guid(2aade69cd9203724f999b887988b21c7) Importer(815301076,1909f56bfc062723c751e8b465ee728b)
Start importing Assets/Simple city plain/Mesh/Materials/Door_01.mat using Guid(2aade69cd9203724f999b887988b21c7) Importer(815301076,1909f56bfc062723c751e8b465ee728b)  -> (artifact id: '2fb7fc333d7eef565adaabe199f1bbf6') in 0.012183 seconds 
========================================================================
Received Import Request.
  Time since last request: 0.000039 seconds.
  path: Assets/Simple city plain/Mesh/Materials/Facade_01.mat
  artifactKey: Guid(1acc9f1722c65cb48b3fb69d95b566ec) Importer(815301076,1909f56bfc062723c751e8b465ee728b)
Start importing Assets/Simple city plain/Mesh/Materials/Facade_01.mat using Guid(1acc9f1722c65cb48b3fb69d95b566ec) Importer(815301076,1909f56bfc062723c751e8b465ee728b)  -> (artifact id: '060e13af0d0e008df57b6d636bc75a9b') in 0.009990 seconds 
========================================================================
Received Import Request.
  Time since last request: 0.000083 seconds.
  path: Assets/Simple city plain/Mesh/Materials/Grid_texture.mat
  artifactKey: Guid(5d3d7618a8b52174da0c8af87a9fd0cc) Importer(815301076,1909f56bfc062723c751e8b465ee728b)
Start importing Assets/Simple city plain/Mesh/Materials/Grid_texture.mat using Guid(5d3d7618a8b52174da0c8af87a9fd0cc) Importer(815301076,1909f56bfc062723c751e8b465ee728b)  -> (artifact id: '3d08b3b2bc0b57a13affbfe24e91e6d0') in 0.018791 seconds 
========================================================================
Received Import Request.
  Time since last request: 0.000031 seconds.
  path: Assets/Simple city plain/Mesh/Materials/roof 2.mat
  artifactKey: Guid(8d235cd40d30c8246849c773be3b629e) Importer(815301076,1909f56bfc062723c751e8b465ee728b)
Start importing Assets/Simple city plain/Mesh/Materials/roof 2.mat using Guid(8d235cd40d30c8246849c773be3b629e) Importer(815301076,1909f56bfc062723c751e8b465ee728b)  -> (artifact id: '307c4c083b3d8ebe12ca2b7b802e19eb') in 0.019345 seconds 
========================================================================
Received Import Request.
  Time since last request: 0.000041 seconds.
  path: Assets/Simple city plain/Mesh/Materials/roof 1.mat
  artifactKey: Guid(964489237fa6c0f43be301b63ebe62da) Importer(815301076,1909f56bfc062723c751e8b465ee728b)
Start importing Assets/Simple city plain/Mesh/Materials/roof 1.mat using Guid(964489237fa6c0f43be301b63ebe62da) Importer(815301076,1909f56bfc062723c751e8b465ee728b)  -> (artifact id: 'c05521136eec18e5ea94f7b9913082ac') in 0.012298 seconds 
========================================================================
Received Import Request.
  Time since last request: 0.000036 seconds.
  path: Assets/Simple city plain/Mesh/Materials/Facade_02.mat
  artifactKey: Guid(5b12f58d94911904f9d7819bc2da886b) Importer(815301076,1909f56bfc062723c751e8b465ee728b)
Start importing Assets/Simple city plain/Mesh/Materials/Facade_02.mat using Guid(5b12f58d94911904f9d7819bc2da886b) Importer(815301076,1909f56bfc062723c751e8b465ee728b)  -> (artifact id: '072523a37e1e52f0615da5b88fcd768e') in 0.019307 seconds 
========================================================================
Received Import Request.
  Time since last request: 0.000035 seconds.
  path: Assets/Simple city plain/Mesh/Sidewalk_05.fbx
  artifactKey: Guid(5b37bebced2befa4cb0fa7e92016e465) Importer(815301076,1909f56bfc062723c751e8b465ee728b)
Start importing Assets/Simple city plain/Mesh/Sidewalk_05.fbx using Guid(5b37bebced2befa4cb0fa7e92016e465) Importer(815301076,1909f56bfc062723c751e8b465ee728b)  -> (artifact id: '9ca3b68646a4c3d33de697b1bfa3a9ee') in 0.019209 seconds 
========================================================================
Received Import Request.
  Time since last request: 0.000022 seconds.
  path: Assets/Simple city plain/Mesh/Materials/Leaf.mat
  artifactKey: Guid(77109e86cc16f03499ed85f50423a298) Importer(815301076,1909f56bfc062723c751e8b465ee728b)
Start importing Assets/Simple city plain/Mesh/Materials/Leaf.mat using Guid(77109e86cc16f03499ed85f50423a298) Importer(815301076,1909f56bfc062723c751e8b465ee728b)  -> (artifact id: 'f45954ebea58fdf2f23274b4ec501935') in 0.011940 seconds 
========================================================================
Received Import Request.
  Time since last request: 0.000041 seconds.
  path: Assets/Simple city plain/Mesh/Materials/Metal_02.mat
  artifactKey: Guid(d0488714447ea174b8738b4bd6017e94) Importer(815301076,1909f56bfc062723c751e8b465ee728b)
Start importing Assets/Simple city plain/Mesh/Materials/Metal_02.mat using Guid(d0488714447ea174b8738b4bd6017e94) Importer(815301076,1909f56bfc062723c751e8b465ee728b)  -> (artifact id: 'f8a69f9bbe4d609b438417548b4d927e') in 0.014862 seconds 
========================================================================
Received Import Request.
  Time since last request: 0.000039 seconds.
  path: Assets/Simple city plain/Mesh/Materials/Door.mat
  artifactKey: Guid(75333dd2d702d0742bc8b3662dc7a20f) Importer(815301076,1909f56bfc062723c751e8b465ee728b)
Start importing Assets/Simple city plain/Mesh/Materials/Door.mat using Guid(75333dd2d702d0742bc8b3662dc7a20f) Importer(815301076,1909f56bfc062723c751e8b465ee728b)  -> (artifact id: '625e33e4fc0ef6b0e8de8b56cdb8f4b9') in 0.012125 seconds 
========================================================================
Received Import Request.
  Time since last request: 0.000099 seconds.
  path: Assets/Simple city plain/Mesh/Building_I_2.fbx
  artifactKey: Guid(9f70c3b25552f8c4cbfc2dc5b60b2c0e) Importer(815301076,1909f56bfc062723c751e8b465ee728b)
Start importing Assets/Simple city plain/Mesh/Building_I_2.fbx using Guid(9f70c3b25552f8c4cbfc2dc5b60b2c0e) Importer(815301076,1909f56bfc062723c751e8b465ee728b)  -> (artifact id: 'a7f3f07b6c388ceb8608f4623122299c') in 0.046055 seconds 
========================================================================
Received Import Request.
  Time since last request: 0.000046 seconds.
  path: Assets/Simple city plain/Mesh/tree_01.fbx
  artifactKey: Guid(679283963e23da7408c0cc75a881a565) Importer(815301076,1909f56bfc062723c751e8b465ee728b)
Start importing Assets/Simple city plain/Mesh/tree_01.fbx using Guid(679283963e23da7408c0cc75a881a565) Importer(815301076,1909f56bfc062723c751e8b465ee728b)  -> (artifact id: 'f93fe0a210193b0d7fa6a9b40a7e52d5') in 0.033264 seconds 
========================================================================
Received Import Request.
  Time since last request: 0.000049 seconds.
  path: Assets/Simple city plain/Mesh/Materials/Pole.mat
  artifactKey: Guid(316fc7ec9c2062d4c8d400feee873a80) Importer(815301076,1909f56bfc062723c751e8b465ee728b)
Start importing Assets/Simple city plain/Mesh/Materials/Pole.mat using Guid(316fc7ec9c2062d4c8d400feee873a80) Importer(815301076,1909f56bfc062723c751e8b465ee728b)  -> (artifact id: '5565a43943086327d2dae4ff1610e9e0') in 0.012852 seconds 
========================================================================
Received Import Request.
  Time since last request: 0.000048 seconds.
  path: Assets/Simple city plain/Mesh/Materials/Gold.mat
  artifactKey: Guid(aece2897b2907c04db846a190eebcf8c) Importer(815301076,1909f56bfc062723c751e8b465ee728b)
Start importing Assets/Simple city plain/Mesh/Materials/Gold.mat using Guid(aece2897b2907c04db846a190eebcf8c) Importer(815301076,1909f56bfc062723c751e8b465ee728b)  -> (artifact id: '3e4505a8d1e23560a711dd31a5dfaf01') in 0.010979 seconds 
========================================================================
Received Import Request.
  Time since last request: 0.000039 seconds.
  path: Assets/Simple city plain/Mesh/Materials/door 2.mat
  artifactKey: Guid(7eb9da4a5097e05479a3bcf2c1f3d567) Importer(815301076,1909f56bfc062723c751e8b465ee728b)
Start importing Assets/Simple city plain/Mesh/Materials/door 2.mat using Guid(7eb9da4a5097e05479a3bcf2c1f3d567) Importer(815301076,1909f56bfc062723c751e8b465ee728b)  -> (artifact id: 'f0316a9e4988936ca0167464839f0314') in 0.011215 seconds 
========================================================================
Received Import Request.
  Time since last request: 0.000030 seconds.
  path: Assets/Simple city plain/Mesh/Materials/Door_05.mat
  artifactKey: Guid(e67a1acb289e7b8478c780b8de00c726) Importer(815301076,1909f56bfc062723c751e8b465ee728b)
Start importing Assets/Simple city plain/Mesh/Materials/Door_05.mat using Guid(e67a1acb289e7b8478c780b8de00c726) Importer(815301076,1909f56bfc062723c751e8b465ee728b)  -> (artifact id: '53fce187fbdd7ad08741a2d3f19cc37d') in 0.017618 seconds 
========================================================================
Received Import Request.
  Time since last request: 0.000029 seconds.
  path: Assets/Simple city plain/Mesh/Materials/Roof.mat
  artifactKey: Guid(59e1bd5c11c06554fbec5d769e6bf1a1) Importer(815301076,1909f56bfc062723c751e8b465ee728b)
Start importing Assets/Simple city plain/Mesh/Materials/Roof.mat using Guid(59e1bd5c11c06554fbec5d769e6bf1a1) Importer(815301076,1909f56bfc062723c751e8b465ee728b)  -> (artifact id: 'be75a395667e679af964c39870ffbf1f') in 0.011581 seconds 
========================================================================
Received Import Request.
  Time since last request: 0.000038 seconds.
  path: Assets/Simple city plain/Mesh/Materials/dirt.mat
  artifactKey: Guid(aa6aabaecb521f64fb2d8004eb31c461) Importer(815301076,1909f56bfc062723c751e8b465ee728b)
Start importing Assets/Simple city plain/Mesh/Materials/dirt.mat using Guid(aa6aabaecb521f64fb2d8004eb31c461) Importer(815301076,1909f56bfc062723c751e8b465ee728b)  -> (artifact id: '37cf3d5bc087047f6c87d42aac90483a') in 0.010527 seconds 
========================================================================
Received Import Request.
  Time since last request: 0.000026 seconds.
  path: Assets/Simple city plain/Mesh/Shop_B.fbx
  artifactKey: Guid(82fffc905fad13948a591b76e545791d) Importer(815301076,1909f56bfc062723c751e8b465ee728b)
Start importing Assets/Simple city plain/Mesh/Shop_B.fbx using Guid(82fffc905fad13948a591b76e545791d) Importer(815301076,1909f56bfc062723c751e8b465ee728b)  -> (artifact id: '311a57e42c5d0d15e49b0b91c4694a11') in 0.032300 seconds 
========================================================================
Received Import Request.
  Time since last request: 0.000038 seconds.
  path: Assets/Simple city plain/Mesh/Materials/Roof_01.mat
  artifactKey: Guid(3966f33cc76224f47a2f928b79fe072f) Importer(815301076,1909f56bfc062723c751e8b465ee728b)
Start importing Assets/Simple city plain/Mesh/Materials/Roof_01.mat using Guid(3966f33cc76224f47a2f928b79fe072f) Importer(815301076,1909f56bfc062723c751e8b465ee728b)  -> (artifact id: '25aafd63e093348e3956b7874db6d39e') in 0.013359 seconds 
========================================================================
Received Import Request.
  Time since last request: 0.000033 seconds.
  path: Assets/Simple city plain/Mesh/Materials/Brown.mat
  artifactKey: Guid(764e71cceb6dd6d46bf79a61fabf1883) Importer(815301076,1909f56bfc062723c751e8b465ee728b)
Start importing Assets/Simple city plain/Mesh/Materials/Brown.mat using Guid(764e71cceb6dd6d46bf79a61fabf1883) Importer(815301076,1909f56bfc062723c751e8b465ee728b)  -> (artifact id: '13fe574ad4475c6dacc65a82eb048508') in 0.014768 seconds 
========================================================================
Received Import Request.
  Time since last request: 0.000035 seconds.
  path: Assets/Simple city plain/Mesh/Building_M.fbx
  artifactKey: Guid(33a58fa9897d81c4fa6655fc4a19a500) Importer(815301076,1909f56bfc062723c751e8b465ee728b)
Start importing Assets/Simple city plain/Mesh/Building_M.fbx using Guid(33a58fa9897d81c4fa6655fc4a19a500) Importer(815301076,1909f56bfc062723c751e8b465ee728b)  -> (artifact id: '32b35d91b4bd2838c89480257bec42c9') in 0.029319 seconds 
========================================================================
Received Prepare
Registering precompiled user dll's ...
Registered in 0.008878 seconds.
Begin MonoManager ReloadAssembly
Symbol file LoadedFromMemory doesn't match image C:\Users\NICK BWALLEY\GameProgrammingProjects\Intro\Library\PackageCache\com.unity.visualscripting@1.8.0\Editor\VisualScripting.Core\Dependencies\YamlDotNet\Unity.VisualScripting.YamlDotNet.dll
Symbol file LoadedFromMemory doesn't match image C:\Users\NICK BWALLEY\GameProgrammingProjects\Intro\Library\PackageCache\com.unity.visualscripting@1.8.0\Editor\VisualScripting.Core\Dependencies\DotNetZip\Unity.VisualScripting.IonicZip.dll
Native extension for WindowsStandalone target not found
Native extension for WebGL target not found
Refreshing native plugins compatible for Editor in 1.26 ms, found 3 plugins.
Preloading 0 native plugins for Editor in 0.00 ms.
Mono: successfully reloaded assembly
- Completed reload, in  1.463 seconds
Domain Reload Profiling:
	ReloadAssembly (1464ms)
		BeginReloadAssembly (235ms)
			ExecutionOrderSort (0ms)
			DisableScriptedObjects (5ms)
			BackupInstance (0ms)
			ReleaseScriptingObjects (0ms)
			CreateAndSetChildDomain (57ms)
		EndReloadAssembly (1078ms)
			LoadAssemblies (159ms)
			RebuildTransferFunctionScriptingTraits (0ms)
			SetupTypeCache (384ms)
			ReleaseScriptCaches (2ms)
			RebuildScriptCaches (62ms)
			SetupLoadedEditorAssemblies (441ms)
				LogAssemblyErrors (0ms)
				InitializePlatformSupportModulesInManaged (12ms)
				SetLoadedEditorAssemblies (1ms)
				RefreshPlugins (1ms)
				BeforeProcessingInitializeOnLoad (83ms)
				ProcessInitializeOnLoadAttributes (304ms)
				ProcessInitializeOnLoadMethodAttributes (30ms)
				AfterProcessingInitializeOnLoad (9ms)
				EditorAssembliesLoaded (0ms)
			ExecutionOrderSort2 (0ms)
			AwakeInstancesAfterBackupRestoration (10ms)
Platform modules already initialized, skipping
Refreshing native plugins compatible for Editor in 2.68 ms, found 3 plugins.
Preloading 0 native plugins for Editor in 0.00 ms.
Unloading 3045 Unused Serialized files (Serialized files now loaded: 0)
Unloading 17 unused Assets / (79.8 KB). Loaded Objects now: 3557.
Memory consumption went from 112.3 MB to 112.2 MB.
Total: 3.329400 ms (FindLiveObjects: 0.301000 ms CreateObjectMapping: 0.121100 ms MarkObjects: 2.808200 ms  DeleteObjects: 0.097300 ms)

AssetImportParameters requested are different than current active one (requested -> active):
  custom:video-decoder-ogg-theora: a1e56fd34408186e4bbccfd4996cb3dc -> 
  custom:container-muxer-webm: aa71ff27fc2769a1b78a27578f13a17b -> 
  custom:container-demuxer-webm: 4f35f7cbe854078d1ac9338744f61a02 -> 
  custom:video-encoder-webm-vp8: eb34c28f22e8b96e1ab97ce403110664 -> 
  custom:audio-encoder-webm-vorbis: bf7c407c2cedff20999df2af8eb42d56 -> 
  custom:framework-win-MediaFoundation: 216162199b28c13a410421893ffa2e32 -> 
  custom:container-demuxer-ogg: 62fdf1f143b41e24485cea50d1cbac27 -> 
  custom:video-decoder-webm-vp8: 9c59270c3fd7afecdb556c50c9e8de78 -> 
  custom:audio-decoder-ogg-vorbis: bf7c407c2cedff20999df2af8eb42d56 -> 
========================================================================
Received Prepare
Registering precompiled user dll's ...
Registered in 0.006183 seconds.
Begin MonoManager ReloadAssembly
Symbol file LoadedFromMemory doesn't match image C:\Users\NICK BWALLEY\GameProgrammingProjects\Intro\Library\PackageCache\com.unity.visualscripting@1.8.0\Editor\VisualScripting.Core\Dependencies\YamlDotNet\Unity.VisualScripting.YamlDotNet.dll
Symbol file LoadedFromMemory doesn't match image C:\Users\NICK BWALLEY\GameProgrammingProjects\Intro\Library\PackageCache\com.unity.visualscripting@1.8.0\Editor\VisualScripting.Core\Dependencies\DotNetZip\Unity.VisualScripting.IonicZip.dll
Native extension for WindowsStandalone target not found
Native extension for WebGL target not found
Refreshing native plugins compatible for Editor in 0.64 ms, found 3 plugins.
Preloading 0 native plugins for Editor in 0.00 ms.
Mono: successfully reloaded assembly
- Completed reload, in  1.424 seconds
Domain Reload Profiling:
	ReloadAssembly (1425ms)
		BeginReloadAssembly (220ms)
			ExecutionOrderSort (0ms)
			DisableScriptedObjects (10ms)
			BackupInstance (0ms)
			ReleaseScriptingObjects (0ms)
			CreateAndSetChildDomain (52ms)
		EndReloadAssembly (1064ms)
			LoadAssemblies (149ms)
			RebuildTransferFunctionScriptingTraits (0ms)
			SetupTypeCache (373ms)
			ReleaseScriptCaches (2ms)
			RebuildScriptCaches (64ms)
			SetupLoadedEditorAssemblies (439ms)
				LogAssemblyErrors (0ms)
				InitializePlatformSupportModulesInManaged (11ms)
				SetLoadedEditorAssemblies (0ms)
				RefreshPlugins (1ms)
				BeforeProcessingInitializeOnLoad (89ms)
				ProcessInitializeOnLoadAttributes (299ms)
				ProcessInitializeOnLoadMethodAttributes (27ms)
				AfterProcessingInitializeOnLoad (12ms)
				EditorAssembliesLoaded (0ms)
			ExecutionOrderSort2 (0ms)
			AwakeInstancesAfterBackupRestoration (10ms)
Platform modules already initialized, skipping
Refreshing native plugins compatible for Editor in 1.85 ms, found 3 plugins.
Preloading 0 native plugins for Editor in 0.00 ms.
Unloading 3045 Unused Serialized files (Serialized files now loaded: 0)
Unloading 17 unused Assets / (79.8 KB). Loaded Objects now: 3560.
Memory consumption went from 112.3 MB to 112.2 MB.
Total: 4.005700 ms (FindLiveObjects: 0.561100 ms CreateObjectMapping: 0.276100 ms MarkObjects: 2.949200 ms  DeleteObjects: 0.215000 ms)

AssetImportParameters requested are different than current active one (requested -> active):
  custom:video-decoder-ogg-theora: a1e56fd34408186e4bbccfd4996cb3dc -> 
  custom:container-muxer-webm: aa71ff27fc2769a1b78a27578f13a17b -> 
  custom:container-demuxer-webm: 4f35f7cbe854078d1ac9338744f61a02 -> 
  custom:video-encoder-webm-vp8: eb34c28f22e8b96e1ab97ce403110664 -> 
  custom:audio-encoder-webm-vorbis: bf7c407c2cedff20999df2af8eb42d56 -> 
  custom:framework-win-MediaFoundation: 216162199b28c13a410421893ffa2e32 -> 
  custom:container-demuxer-ogg: 62fdf1f143b41e24485cea50d1cbac27 -> 
  custom:video-decoder-webm-vp8: 9c59270c3fd7afecdb556c50c9e8de78 -> 
  custom:audio-decoder-ogg-vorbis: bf7c407c2cedff20999df2af8eb42d56 -> 
========================================================================
Received Prepare
Registering precompiled user dll's ...
Registered in 0.006494 seconds.
Begin MonoManager ReloadAssembly
Symbol file LoadedFromMemory doesn't match image C:\Users\NICK BWALLEY\GameProgrammingProjects\Intro\Library\PackageCache\com.unity.visualscripting@1.8.0\Editor\VisualScripting.Core\Dependencies\YamlDotNet\Unity.VisualScripting.YamlDotNet.dll
Symbol file LoadedFromMemory doesn't match image C:\Users\NICK BWALLEY\GameProgrammingProjects\Intro\Library\PackageCache\com.unity.visualscripting@1.8.0\Editor\VisualScripting.Core\Dependencies\DotNetZip\Unity.VisualScripting.IonicZip.dll
Native extension for WindowsStandalone target not found
Native extension for WebGL target not found
Refreshing native plugins compatible for Editor in 0.70 ms, found 3 plugins.
Preloading 0 native plugins for Editor in 0.00 ms.
Mono: successfully reloaded assembly
- Completed reload, in  1.447 seconds
Domain Reload Profiling:
	ReloadAssembly (1448ms)
		BeginReloadAssembly (232ms)
			ExecutionOrderSort (0ms)
			DisableScriptedObjects (9ms)
			BackupInstance (0ms)
			ReleaseScriptingObjects (0ms)
			CreateAndSetChildDomain (56ms)
		EndReloadAssembly (1070ms)
			LoadAssemblies (148ms)
			RebuildTransferFunctionScriptingTraits (0ms)
			SetupTypeCache (367ms)
			ReleaseScriptCaches (2ms)
			RebuildScriptCaches (63ms)
			SetupLoadedEditorAssemblies (452ms)
				LogAssemblyErrors (0ms)
				InitializePlatformSupportModulesInManaged (10ms)
				SetLoadedEditorAssemblies (1ms)
				RefreshPlugins (1ms)
				BeforeProcessingInitializeOnLoad (88ms)
				ProcessInitializeOnLoadAttributes (311ms)
				ProcessInitializeOnLoadMethodAttributes (29ms)
				AfterProcessingInitializeOnLoad (12ms)
				EditorAssembliesLoaded (0ms)
			ExecutionOrderSort2 (0ms)
			AwakeInstancesAfterBackupRestoration (10ms)
Platform modules already initialized, skipping
Refreshing native plugins compatible for Editor in 2.33 ms, found 3 plugins.
Preloading 0 native plugins for Editor in 0.00 ms.
Unloading 3045 Unused Serialized files (Serialized files now loaded: 0)
Unloading 17 unused Assets / (79.9 KB). Loaded Objects now: 3563.
Memory consumption went from 112.3 MB to 112.2 MB.
Total: 3.833400 ms (FindLiveObjects: 0.473000 ms CreateObjectMapping: 0.228100 ms MarkObjects: 2.976000 ms  DeleteObjects: 0.154000 ms)

AssetImportParameters requested are different than current active one (requested -> active):
  custom:video-decoder-ogg-theora: a1e56fd34408186e4bbccfd4996cb3dc -> 
  custom:container-muxer-webm: aa71ff27fc2769a1b78a27578f13a17b -> 
  custom:container-demuxer-webm: 4f35f7cbe854078d1ac9338744f61a02 -> 
  custom:video-encoder-webm-vp8: eb34c28f22e8b96e1ab97ce403110664 -> 
  custom:audio-encoder-webm-vorbis: bf7c407c2cedff20999df2af8eb42d56 -> 
  custom:framework-win-MediaFoundation: 216162199b28c13a410421893ffa2e32 -> 
  custom:container-demuxer-ogg: 62fdf1f143b41e24485cea50d1cbac27 -> 
  custom:video-decoder-webm-vp8: 9c59270c3fd7afecdb556c50c9e8de78 -> 
  custom:audio-decoder-ogg-vorbis: bf7c407c2cedff20999df2af8eb42d56 -> 
========================================================================
Received Prepare
Registering precompiled user dll's ...
Registered in 0.008011 seconds.
Begin MonoManager ReloadAssembly
Symbol file LoadedFromMemory doesn't match image C:\Users\NICK BWALLEY\GameProgrammingProjects\Intro\Library\PackageCache\com.unity.visualscripting@1.8.0\Editor\VisualScripting.Core\Dependencies\YamlDotNet\Unity.VisualScripting.YamlDotNet.dll
Symbol file LoadedFromMemory doesn't match image C:\Users\NICK BWALLEY\GameProgrammingProjects\Intro\Library\PackageCache\com.unity.visualscripting@1.8.0\Editor\VisualScripting.Core\Dependencies\DotNetZip\Unity.VisualScripting.IonicZip.dll
Native extension for WindowsStandalone target not found
Native extension for WebGL target not found
Refreshing native plugins compatible for Editor in 1.10 ms, found 3 plugins.
Preloading 0 native plugins for Editor in 0.00 ms.
Mono: successfully reloaded assembly
- Completed reload, in  1.425 seconds
Domain Reload Profiling:
	ReloadAssembly (1426ms)
		BeginReloadAssembly (218ms)
			ExecutionOrderSort (0ms)
			DisableScriptedObjects (8ms)
			BackupInstance (0ms)
			ReleaseScriptingObjects (0ms)
			CreateAndSetChildDomain (50ms)
		EndReloadAssembly (1061ms)
			LoadAssemblies (145ms)
			RebuildTransferFunctionScriptingTraits (0ms)
			SetupTypeCache (385ms)
			ReleaseScriptCaches (3ms)
			RebuildScriptCaches (65ms)
			SetupLoadedEditorAssemblies (437ms)
				LogAssemblyErrors (0ms)
				InitializePlatformSupportModulesInManaged (11ms)
				SetLoadedEditorAssemblies (1ms)
				RefreshPlugins (1ms)
				BeforeProcessingInitializeOnLoad (87ms)
				ProcessInitializeOnLoadAttributes (299ms)
				ProcessInitializeOnLoadMethodAttributes (28ms)
				AfterProcessingInitializeOnLoad (10ms)
				EditorAssembliesLoaded (0ms)
			ExecutionOrderSort2 (0ms)
			AwakeInstancesAfterBackupRestoration (9ms)
Platform modules already initialized, skipping
Refreshing native plugins compatible for Editor in 2.44 ms, found 3 plugins.
Preloading 0 native plugins for Editor in 0.00 ms.
Unloading 3045 Unused Serialized files (Serialized files now loaded: 0)
Unloading 17 unused Assets / (79.9 KB). Loaded Objects now: 3566.
Memory consumption went from 112.3 MB to 112.3 MB.
Total: 3.069300 ms (FindLiveObjects: 0.387100 ms CreateObjectMapping: 0.112100 ms MarkObjects: 2.411400 ms  DeleteObjects: 0.156500 ms)

AssetImportParameters requested are different than current active one (requested -> active):
  custom:video-decoder-ogg-theora: a1e56fd34408186e4bbccfd4996cb3dc -> 
  custom:container-muxer-webm: aa71ff27fc2769a1b78a27578f13a17b -> 
  custom:container-demuxer-webm: 4f35f7cbe854078d1ac9338744f61a02 -> 
  custom:video-encoder-webm-vp8: eb34c28f22e8b96e1ab97ce403110664 -> 
  custom:audio-encoder-webm-vorbis: bf7c407c2cedff20999df2af8eb42d56 -> 
  custom:framework-win-MediaFoundation: 216162199b28c13a410421893ffa2e32 -> 
  custom:container-demuxer-ogg: 62fdf1f143b41e24485cea50d1cbac27 -> 
  custom:video-decoder-webm-vp8: 9c59270c3fd7afecdb556c50c9e8de78 -> 
  custom:audio-decoder-ogg-vorbis: bf7c407c2cedff20999df2af8eb42d56 -> 
========================================================================
Received Prepare
Registering precompiled user dll's ...
Registered in 0.006326 seconds.
Begin MonoManager ReloadAssembly
Symbol file LoadedFromMemory doesn't match image C:\Users\NICK BWALLEY\GameProgrammingProjects\Intro\Library\PackageCache\com.unity.visualscripting@1.8.0\Editor\VisualScripting.Core\Dependencies\YamlDotNet\Unity.VisualScripting.YamlDotNet.dll
Symbol file LoadedFromMemory doesn't match image C:\Users\NICK BWALLEY\GameProgrammingProjects\Intro\Library\PackageCache\com.unity.visualscripting@1.8.0\Editor\VisualScripting.Core\Dependencies\DotNetZip\Unity.VisualScripting.IonicZip.dll
Native extension for WindowsStandalone target not found
Native extension for WebGL target not found
Refreshing native plugins compatible for Editor in 0.60 ms, found 3 plugins.
Preloading 0 native plugins for Editor in 0.00 ms.
Mono: successfully reloaded assembly
- Completed reload, in  1.463 seconds
Domain Reload Profiling:
	ReloadAssembly (1464ms)
		BeginReloadAssembly (231ms)
			ExecutionOrderSort (0ms)
			DisableScriptedObjects (10ms)
			BackupInstance (0ms)
			ReleaseScriptingObjects (0ms)
			CreateAndSetChildDomain (54ms)
		EndReloadAssembly (1083ms)
			LoadAssemblies (155ms)
			RebuildTransferFunctionScriptingTraits (0ms)
			SetupTypeCache (403ms)
			ReleaseScriptCaches (2ms)
			RebuildScriptCaches (68ms)
			SetupLoadedEditorAssemblies (426ms)
				LogAssemblyErrors (0ms)
				InitializePlatformSupportModulesInManaged (12ms)
				SetLoadedEditorAssemblies (1ms)
				RefreshPlugins (1ms)
				BeforeProcessingInitializeOnLoad (89ms)
				ProcessInitializeOnLoadAttributes (285ms)
				ProcessInitializeOnLoadMethodAttributes (28ms)
				AfterProcessingInitializeOnLoad (11ms)
				EditorAssembliesLoaded (0ms)
			ExecutionOrderSort2 (0ms)
			AwakeInstancesAfterBackupRestoration (10ms)
Platform modules already initialized, skipping
Refreshing native plugins compatible for Editor in 2.17 ms, found 3 plugins.
Preloading 0 native plugins for Editor in 0.00 ms.
Unloading 3045 Unused Serialized files (Serialized files now loaded: 0)
Unloading 17 unused Assets / (79.8 KB). Loaded Objects now: 3569.
Memory consumption went from 112.3 MB to 112.3 MB.
Total: 4.002200 ms (FindLiveObjects: 0.371800 ms CreateObjectMapping: 0.106000 ms MarkObjects: 3.390000 ms  DeleteObjects: 0.131800 ms)

AssetImportParameters requested are different than current active one (requested -> active):
  custom:video-decoder-ogg-theora: a1e56fd34408186e4bbccfd4996cb3dc -> 
  custom:container-muxer-webm: aa71ff27fc2769a1b78a27578f13a17b -> 
  custom:container-demuxer-webm: 4f35f7cbe854078d1ac9338744f61a02 -> 
  custom:video-encoder-webm-vp8: eb34c28f22e8b96e1ab97ce403110664 -> 
  custom:audio-encoder-webm-vorbis: bf7c407c2cedff20999df2af8eb42d56 -> 
  custom:framework-win-MediaFoundation: 216162199b28c13a410421893ffa2e32 -> 
  custom:container-demuxer-ogg: 62fdf1f143b41e24485cea50d1cbac27 -> 
  custom:video-decoder-webm-vp8: 9c59270c3fd7afecdb556c50c9e8de78 -> 
  custom:audio-decoder-ogg-vorbis: bf7c407c2cedff20999df2af8eb42d56 -> 
========================================================================
Received Prepare
Registering precompiled user dll's ...
Registered in 0.006544 seconds.
Begin MonoManager ReloadAssembly
Symbol file LoadedFromMemory doesn't match image C:\Users\NICK BWALLEY\GameProgrammingProjects\Intro\Library\PackageCache\com.unity.visualscripting@1.8.0\Editor\VisualScripting.Core\Dependencies\YamlDotNet\Unity.VisualScripting.YamlDotNet.dll
Symbol file LoadedFromMemory doesn't match image C:\Users\NICK BWALLEY\GameProgrammingProjects\Intro\Library\PackageCache\com.unity.visualscripting@1.8.0\Editor\VisualScripting.Core\Dependencies\DotNetZip\Unity.VisualScripting.IonicZip.dll
Native extension for WindowsStandalone target not found
Native extension for WebGL target not found
Refreshing native plugins compatible for Editor in 0.67 ms, found 3 plugins.
Preloading 0 native plugins for Editor in 0.00 ms.
Mono: successfully reloaded assembly
- Completed reload, in  1.405 seconds
Domain Reload Profiling:
	ReloadAssembly (1406ms)
		BeginReloadAssembly (215ms)
			ExecutionOrderSort (0ms)
			DisableScriptedObjects (9ms)
			BackupInstance (0ms)
			ReleaseScriptingObjects (0ms)
			CreateAndSetChildDomain (46ms)
		EndReloadAssembly (1046ms)
			LoadAssemblies (151ms)
			RebuildTransferFunctionScriptingTraits (0ms)
			SetupTypeCache (358ms)
			ReleaseScriptCaches (2ms)
			RebuildScriptCaches (58ms)
			SetupLoadedEditorAssemblies (449ms)
				LogAssemblyErrors (0ms)
				InitializePlatformSupportModulesInManaged (10ms)
				SetLoadedEditorAssemblies (1ms)
				RefreshPlugins (1ms)
				BeforeProcessingInitializeOnLoad (88ms)
				ProcessInitializeOnLoadAttributes (310ms)
				ProcessInitializeOnLoadMethodAttributes (30ms)
				AfterProcessingInitializeOnLoad (9ms)
				EditorAssembliesLoaded (0ms)
			ExecutionOrderSort2 (0ms)
			AwakeInstancesAfterBackupRestoration (9ms)
Platform modules already initialized, skipping
Refreshing native plugins compatible for Editor in 2.29 ms, found 3 plugins.
Preloading 0 native plugins for Editor in 0.00 ms.
Unloading 3045 Unused Serialized files (Serialized files now loaded: 0)
Unloading 17 unused Assets / (79.7 KB). Loaded Objects now: 3572.
Memory consumption went from 112.3 MB to 112.3 MB.
Total: 3.317500 ms (FindLiveObjects: 0.351700 ms CreateObjectMapping: 0.187400 ms MarkObjects: 2.607100 ms  DeleteObjects: 0.169800 ms)

AssetImportParameters requested are different than current active one (requested -> active):
  custom:video-decoder-ogg-theora: a1e56fd34408186e4bbccfd4996cb3dc -> 
  custom:container-muxer-webm: aa71ff27fc2769a1b78a27578f13a17b -> 
  custom:container-demuxer-webm: 4f35f7cbe854078d1ac9338744f61a02 -> 
  custom:video-encoder-webm-vp8: eb34c28f22e8b96e1ab97ce403110664 -> 
  custom:audio-encoder-webm-vorbis: bf7c407c2cedff20999df2af8eb42d56 -> 
  custom:framework-win-MediaFoundation: 216162199b28c13a410421893ffa2e32 -> 
  custom:container-demuxer-ogg: 62fdf1f143b41e24485cea50d1cbac27 -> 
  custom:video-decoder-webm-vp8: 9c59270c3fd7afecdb556c50c9e8de78 -> 
  custom:audio-decoder-ogg-vorbis: bf7c407c2cedff20999df2af8eb42d56 -> 
========================================================================
Received Prepare
Registering precompiled user dll's ...
Registered in 0.006151 seconds.
Begin MonoManager ReloadAssembly
Symbol file LoadedFromMemory doesn't match image C:\Users\NICK BWALLEY\GameProgrammingProjects\Intro\Library\PackageCache\com.unity.visualscripting@1.8.0\Editor\VisualScripting.Core\Dependencies\YamlDotNet\Unity.VisualScripting.YamlDotNet.dll
Symbol file LoadedFromMemory doesn't match image C:\Users\NICK BWALLEY\GameProgrammingProjects\Intro\Library\PackageCache\com.unity.visualscripting@1.8.0\Editor\VisualScripting.Core\Dependencies\DotNetZip\Unity.VisualScripting.IonicZip.dll
Native extension for WindowsStandalone target not found
Native extension for WebGL target not found
Refreshing native plugins compatible for Editor in 1.04 ms, found 3 plugins.
Preloading 0 native plugins for Editor in 0.00 ms.
Mono: successfully reloaded assembly
- Completed reload, in  1.427 seconds
Domain Reload Profiling:
	ReloadAssembly (1428ms)
		BeginReloadAssembly (219ms)
			ExecutionOrderSort (0ms)
			DisableScriptedObjects (8ms)
			BackupInstance (0ms)
			ReleaseScriptingObjects (0ms)
			CreateAndSetChildDomain (52ms)
		EndReloadAssembly (1072ms)
			LoadAssemblies (144ms)
			RebuildTransferFunctionScriptingTraits (0ms)
			SetupTypeCache (387ms)
			ReleaseScriptCaches (2ms)
			RebuildScriptCaches (69ms)
			SetupLoadedEditorAssemblies (440ms)
				LogAssemblyErrors (0ms)
				InitializePlatformSupportModulesInManaged (12ms)
				SetLoadedEditorAssemblies (1ms)
				RefreshPlugins (1ms)
				BeforeProcessingInitializeOnLoad (87ms)
				ProcessInitializeOnLoadAttributes (295ms)
				ProcessInitializeOnLoadMethodAttributes (33ms)
				AfterProcessingInitializeOnLoad (11ms)
				EditorAssembliesLoaded (0ms)
			ExecutionOrderSort2 (0ms)
			AwakeInstancesAfterBackupRestoration (10ms)
Platform modules already initialized, skipping
Refreshing native plugins compatible for Editor in 1.57 ms, found 3 plugins.
Preloading 0 native plugins for Editor in 0.00 ms.
Unloading 3045 Unused Serialized files (Serialized files now loaded: 0)
Unloading 17 unused Assets / (79.9 KB). Loaded Objects now: 3575.
Memory consumption went from 112.4 MB to 112.3 MB.
Total: 3.833000 ms (FindLiveObjects: 0.411600 ms CreateObjectMapping: 0.252200 ms MarkObjects: 2.992000 ms  DeleteObjects: 0.174200 ms)

AssetImportParameters requested are different than current active one (requested -> active):
  custom:video-decoder-ogg-theora: a1e56fd34408186e4bbccfd4996cb3dc -> 
  custom:container-muxer-webm: aa71ff27fc2769a1b78a27578f13a17b -> 
  custom:container-demuxer-webm: 4f35f7cbe854078d1ac9338744f61a02 -> 
  custom:video-encoder-webm-vp8: eb34c28f22e8b96e1ab97ce403110664 -> 
  custom:audio-encoder-webm-vorbis: bf7c407c2cedff20999df2af8eb42d56 -> 
  custom:framework-win-MediaFoundation: 216162199b28c13a410421893ffa2e32 -> 
  custom:container-demuxer-ogg: 62fdf1f143b41e24485cea50d1cbac27 -> 
  custom:video-decoder-webm-vp8: 9c59270c3fd7afecdb556c50c9e8de78 -> 
  custom:audio-decoder-ogg-vorbis: bf7c407c2cedff20999df2af8eb42d56 -> 
========================================================================
Received Prepare
Registering precompiled user dll's ...
Registered in 0.005052 seconds.
Begin MonoManager ReloadAssembly
Symbol file LoadedFromMemory doesn't match image C:\Users\NICK BWALLEY\GameProgrammingProjects\Intro\Library\PackageCache\com.unity.visualscripting@1.8.0\Editor\VisualScripting.Core\Dependencies\YamlDotNet\Unity.VisualScripting.YamlDotNet.dll
Symbol file LoadedFromMemory doesn't match image C:\Users\NICK BWALLEY\GameProgrammingProjects\Intro\Library\PackageCache\com.unity.visualscripting@1.8.0\Editor\VisualScripting.Core\Dependencies\DotNetZip\Unity.VisualScripting.IonicZip.dll
Native extension for WindowsStandalone target not found
Native extension for WebGL target not found
Refreshing native plugins compatible for Editor in 1.01 ms, found 3 plugins.
Preloading 0 native plugins for Editor in 0.00 ms.
Mono: successfully reloaded assembly
- Completed reload, in  1.419 seconds
Domain Reload Profiling:
	ReloadAssembly (1420ms)
		BeginReloadAssembly (214ms)
			ExecutionOrderSort (0ms)
			DisableScriptedObjects (9ms)
			BackupInstance (0ms)
			ReleaseScriptingObjects (0ms)
			CreateAndSetChildDomain (49ms)
		EndReloadAssembly (1062ms)
			LoadAssemblies (144ms)
			RebuildTransferFunctionScriptingTraits (0ms)
			SetupTypeCache (383ms)
			ReleaseScriptCaches (2ms)
			RebuildScriptCaches (59ms)
			SetupLoadedEditorAssemblies (445ms)
				LogAssemblyErrors (0ms)
				InitializePlatformSupportModulesInManaged (11ms)
				SetLoadedEditorAssemblies (1ms)
				RefreshPlugins (1ms)
				BeforeProcessingInitializeOnLoad (88ms)
				ProcessInitializeOnLoadAttributes (299ms)
				ProcessInitializeOnLoadMethodAttributes (33ms)
				AfterProcessingInitializeOnLoad (12ms)
				EditorAssembliesLoaded (0ms)
			ExecutionOrderSort2 (0ms)
			AwakeInstancesAfterBackupRestoration (8ms)
Platform modules already initialized, skipping
Refreshing native plugins compatible for Editor in 4.12 ms, found 3 plugins.
Preloading 0 native plugins for Editor in 0.00 ms.
Unloading 3045 Unused Serialized files (Serialized files now loaded: 0)
Unloading 17 unused Assets / (79.7 KB). Loaded Objects now: 3578.
Memory consumption went from 112.4 MB to 112.3 MB.
Total: 7.083800 ms (FindLiveObjects: 0.507500 ms CreateObjectMapping: 0.317000 ms MarkObjects: 6.114900 ms  DeleteObjects: 0.142300 ms)

AssetImportParameters requested are different than current active one (requested -> active):
  custom:video-decoder-ogg-theora: a1e56fd34408186e4bbccfd4996cb3dc -> 
  custom:container-muxer-webm: aa71ff27fc2769a1b78a27578f13a17b -> 
  custom:container-demuxer-webm: 4f35f7cbe854078d1ac9338744f61a02 -> 
  custom:video-encoder-webm-vp8: eb34c28f22e8b96e1ab97ce403110664 -> 
  custom:audio-encoder-webm-vorbis: bf7c407c2cedff20999df2af8eb42d56 -> 
  custom:framework-win-MediaFoundation: 216162199b28c13a410421893ffa2e32 -> 
  custom:container-demuxer-ogg: 62fdf1f143b41e24485cea50d1cbac27 -> 
  custom:video-decoder-webm-vp8: 9c59270c3fd7afecdb556c50c9e8de78 -> 
  custom:audio-decoder-ogg-vorbis: bf7c407c2cedff20999df2af8eb42d56 -> 
========================================================================
Received Import Request.
  Time since last request: 669.029134 seconds.
  path: Assets/ball2Bouncing.physicMaterial
  artifactKey: Guid(74b17e4ef82683b4eb10f2fe83169b16) Importer(815301076,1909f56bfc062723c751e8b465ee728b)
Start importing Assets/ball2Bouncing.physicMaterial using Guid(74b17e4ef82683b4eb10f2fe83169b16) Importer(815301076,1909f56bfc062723c751e8b465ee728b)  -> (artifact id: '807651ea293ee2c122b3bf4f83635447') in 0.021699 seconds 
